Start testing: Apr 17 20:21 AUS Eastern Standard Time
----------------------------------------------------------
1/7 Testing: voltis.valid.default_compile
1/7 Test: voltis.valid.default_compile
Command: "C:/Program Files/CMake/bin/cmake.exe" "-DCASE=valid-default" "-DVOLTISC=C:/Users/MKurtov/Downloads/voltis_compiler/voltis_compiler/build/voltisc.exe" "-DCASE_DIR=C:/Users/MKurtov/Downloads/voltis_compiler/voltis_compiler/tests/cases" "-DOUT_DIR=C:/Users/MKurtov/Downloads/voltis_compiler/voltis_compiler/build/tests/artifacts" "-P" "C:/Users/MKurtov/Downloads/voltis_compiler/voltis_compiler/tests/RunVoltisCase.cmake"
Directory: C:/Users/MKurtov/Downloads/voltis_compiler/voltis_compiler/build/tests
"voltis.valid.default_compile" start time: Apr 17 20:21 AUS Eastern Standard Time
Output:
----------------------------------------------------------
<end of output>
Test time =   0.21 sec
----------------------------------------------------------
Test Passed.
"voltis.valid.default_compile" end time: Apr 17 20:21 AUS Eastern Standard Time
"voltis.valid.default_compile" time elapsed: 00:00:00
----------------------------------------------------------

2/7 Testing: voltis.valid.emit_vir
2/7 Test: voltis.valid.emit_vir
Command: "C:/Program Files/CMake/bin/cmake.exe" "-DCASE=valid-emit-vir" "-DVOLTISC=C:/Users/MKurtov/Downloads/voltis_compiler/voltis_compiler/build/voltisc.exe" "-DCASE_DIR=C:/Users/MKurtov/Downloads/voltis_compiler/voltis_compiler/tests/cases" "-DOUT_DIR=C:/Users/MKurtov/Downloads/voltis_compiler/voltis_compiler/build/tests/artifacts" "-P" "C:/Users/MKurtov/Downloads/voltis_compiler/voltis_compiler/tests/RunVoltisCase.cmake"
Directory: C:/Users/MKurtov/Downloads/voltis_compiler/voltis_compiler/build/tests
"voltis.valid.emit_vir" start time: Apr 17 20:21 AUS Eastern Standard Time
Output:
----------------------------------------------------------
<end of output>
Test time =   0.05 sec
----------------------------------------------------------
Test Passed.
"voltis.valid.emit_vir" end time: Apr 17 20:21 AUS Eastern Standard Time
"voltis.valid.emit_vir" time elapsed: 00:00:00
----------------------------------------------------------

3/7 Testing: voltis.failure.parser_missing_semicolon
3/7 Test: voltis.failure.parser_missing_semicolon
Command: "C:/Program Files/CMake/bin/cmake.exe" "-DCASE=parser-missing-semicolon" "-DVOLTISC=C:/Users/MKurtov/Downloads/voltis_compiler/voltis_compiler/build/voltisc.exe" "-DCASE_DIR=C:/Users/MKurtov/Downloads/voltis_compiler/voltis_compiler/tests/cases" "-DOUT_DIR=C:/Users/MKurtov/Downloads/voltis_compiler/voltis_compiler/build/tests/artifacts" "-P" "C:/Users/MKurtov/Downloads/voltis_compiler/voltis_compiler/tests/RunVoltisCase.cmake"
Directory: C:/Users/MKurtov/Downloads/voltis_compiler/voltis_compiler/build/tests
"voltis.failure.parser_missing_semicolon" start time: Apr 17 20:21 AUS Eastern Standard Time
Output:
----------------------------------------------------------
<end of output>
Test time =   0.06 sec
----------------------------------------------------------
Test Passed.
"voltis.failure.parser_missing_semicolon" end time: Apr 17 20:21 AUS Eastern Standard Time
"voltis.failure.parser_missing_semicolon" time elapsed: 00:00:00
----------------------------------------------------------

4/7 Testing: voltis.failure.undefined_symbol
4/7 Test: voltis.failure.undefined_symbol
Command: "C:/Program Files/CMake/bin/cmake.exe" "-DCASE=sema-undefined-symbol" "-DVOLTISC=C:/Users/MKurtov/Downloads/voltis_compiler/voltis_compiler/build/voltisc.exe" "-DCASE_DIR=C:/Users/MKurtov/Downloads/voltis_compiler/voltis_compiler/tests/cases" "-DOUT_DIR=C:/Users/MKurtov/Downloads/voltis_compiler/voltis_compiler/build/tests/artifacts" "-P" "C:/Users/MKurtov/Downloads/voltis_compiler/voltis_compiler/tests/RunVoltisCase.cmake"
Directory: C:/Users/MKurtov/Downloads/voltis_compiler/voltis_compiler/build/tests
"voltis.failure.undefined_symbol" start time: Apr 17 20:21 AUS Eastern Standard Time
Output:
----------------------------------------------------------
<end of output>
Test time =   0.05 sec
----------------------------------------------------------
Test Passed.
"voltis.failure.undefined_symbol" end time: Apr 17 20:21 AUS Eastern Standard Time
"voltis.failure.undefined_symbol" time elapsed: 00:00:00
----------------------------------------------------------

5/7 Testing: voltis.failure.bad_arg_count
5/7 Test: voltis.failure.bad_arg_count
Command: "C:/Program Files/CMake/bin/cmake.exe" "-DCASE=sema-bad-arg-count" "-DVOLTISC=C:/Users/MKurtov/Downloads/voltis_compiler/voltis_compiler/build/voltisc.exe" "-DCASE_DIR=C:/Users/MKurtov/Downloads/voltis_compiler/voltis_compiler/tests/cases" "-DOUT_DIR=C:/Users/MKurtov/Downloads/voltis_compiler/voltis_compiler/build/tests/artifacts" "-P" "C:/Users/MKurtov/Downloads/voltis_compiler/voltis_compiler/tests/RunVoltisCase.cmake"
Directory: C:/Users/MKurtov/Downloads/voltis_compiler/voltis_compiler/build/tests
"voltis.failure.bad_arg_count" start time: Apr 17 20:21 AUS Eastern Standard Time
Output:
----------------------------------------------------------
<end of output>
Test time =   0.05 sec
----------------------------------------------------------
Test Passed.
"voltis.failure.bad_arg_count" end time: Apr 17 20:21 AUS Eastern Standard Time
"voltis.failure.bad_arg_count" time elapsed: 00:00:00
----------------------------------------------------------

6/7 Testing: voltis.failure.bad_arg_type
6/7 Test: voltis.failure.bad_arg_type
Command: "C:/Program Files/CMake/bin/cmake.exe" "-DCASE=sema-bad-arg-type" "-DVOLTISC=C:/Users/MKurtov/Downloads/voltis_compiler/voltis_compiler/build/voltisc.exe" "-DCASE_DIR=C:/Users/MKurtov/Downloads/voltis_compiler/voltis_compiler/tests/cases" "-DOUT_DIR=C:/Users/MKurtov/Downloads/voltis_compiler/voltis_compiler/build/tests/artifacts" "-P" "C:/Users/MKurtov/Downloads/voltis_compiler/voltis_compiler/tests/RunVoltisCase.cmake"
Directory: C:/Users/MKurtov/Downloads/voltis_compiler/voltis_compiler/build/tests
"voltis.failure.bad_arg_type" start time: Apr 17 20:21 AUS Eastern Standard Time
Output:
----------------------------------------------------------
<end of output>
Test time =   0.05 sec
----------------------------------------------------------
Test Passed.
"voltis.failure.bad_arg_type" end time: Apr 17 20:21 AUS Eastern Standard Time
"voltis.failure.bad_arg_type" time elapsed: 00:00:00
----------------------------------------------------------

7/7 Testing: voltis.failure.bad_conversion
7/7 Test: voltis.failure.bad_conversion
Command: "C:/Program Files/CMake/bin/cmake.exe" "-DCASE=sema-bad-conversion" "-DVOLTISC=C:/Users/MKurtov/Downloads/voltis_compiler/voltis_compiler/build/voltisc.exe" "-DCASE_DIR=C:/Users/MKurtov/Downloads/voltis_compiler/voltis_compiler/tests/cases" "-DOUT_DIR=C:/Users/MKurtov/Downloads/voltis_compiler/voltis_compiler/build/tests/artifacts" "-P" "C:/Users/MKurtov/Downloads/voltis_compiler/voltis_compiler/tests/RunVoltisCase.cmake"
Directory: C:/Users/MKurtov/Downloads/voltis_compiler/voltis_compiler/build/tests
"voltis.failure.bad_conversion" start time: Apr 17 20:21 AUS Eastern Standard Time
Output:
----------------------------------------------------------
<end of output>
Test time =   0.05 sec
----------------------------------------------------------
Test Passed.
"voltis.failure.bad_conversion" end time: Apr 17 20:21 AUS Eastern Standard Time
"voltis.failure.bad_conversion" time elapsed: 00:00:00
----------------------------------------------------------

End testing: Apr 17 20:21 AUS Eastern Standard Time
