Start testing: Apr 30 23:12 AUS Eastern Standard Time
----------------------------------------------------------
1/53 Testing: voltis.valid.default_compile
1/53 Test: voltis.valid.default_compile
Command: "C:/Program Files/CMake/bin/cmake.exe" "-DCASE=valid-default" "-DVOLTISC=C:/Users/MKurtov/Videos/New folder/Voltis/build-local/voltisc.exe" "-DCASE_DIR=C:/Users/MKurtov/Videos/New folder/Voltis/tests/cases" "-DOUT_DIR=C:/Users/MKurtov/Videos/New folder/Voltis/build-local/tests/artifacts" "-P" "C:/Users/MKurtov/Videos/New folder/Voltis/tests/RunVoltisCase.cmake"
Directory: C:/Users/MKurtov/Videos/New folder/Voltis/build-local/tests
"voltis.valid.default_compile" start time: Apr 30 23:12 AUS Eastern Standard Time
Output:
----------------------------------------------------------
CMake Warning (dev) at C:/Users/MKurtov/Videos/New folder/Voltis/tests/RunVoltisCase.cmake:574 (string):
  Policy CMP0053 is not set: Simplify variable reference and escape sequence
  evaluation.  Run "cmake --help-policy CMP0053" for policy details.  Use the
  cmake_policy command to set the policy and suppress this warning.

  For input:

    '${emitted_file_content}'

  the old evaluation rules produce:

    'MZ'

  but the new evaluation rules produce:

    'MZ

























































�


































































PE

d�












�
"























@






















@






















































0

�

















































































�0

�


























.text


>






















 

`.rdata





 



















@

@.idata

�


0



















@

�UH��H��


H�� 


�l


H�� 


��H�� 


�[ 

H�� 


1���UH��H��P

������������������������������������������������ȉ�������������UH��H��

�


������������������������������H������H�A

������A��H�� 


�> 

H�� 


������������H��H��H�� 


� 

H�� 


H������H������H������������H��I��H�� 


��

H�� 


H������H������H������H������H������H������H������H��� 


H��

H�� 


�|

H�� 


�


H������H�� 


�\

H�� 


�������������


������������H��������H��H�� 


�U���H�� 


������������������������������H��

��������H�� 


��

H�� 


�



��������������

































































































































































































































































































































































































































































%d

%d

  
This warning is for project developers.  Use -Wno-dev to suppress it.

<end of output>
Test time =   0.11 sec
----------------------------------------------------------
Test Passed.
"voltis.valid.default_compile" end time: Apr 30 23:12 AUS Eastern Standard Time
"voltis.valid.default_compile" time elapsed: 00:00:00
----------------------------------------------------------

2/53 Testing: voltis.valid.default_branches
2/53 Test: voltis.valid.default_branches
Command: "C:/Program Files/CMake/bin/cmake.exe" "-DCASE=valid-default-branches" "-DVOLTISC=C:/Users/MKurtov/Videos/New folder/Voltis/build-local/voltisc.exe" "-DCASE_DIR=C:/Users/MKurtov/Videos/New folder/Voltis/tests/cases" "-DOUT_DIR=C:/Users/MKurtov/Videos/New folder/Voltis/build-local/tests/artifacts" "-P" "C:/Users/MKurtov/Videos/New folder/Voltis/tests/RunVoltisCase.cmake"
Directory: C:/Users/MKurtov/Videos/New folder/Voltis/build-local/tests
"voltis.valid.default_branches" start time: Apr 30 23:12 AUS Eastern Standard Time
Output:
----------------------------------------------------------
CMake Warning (dev) at C:/Users/MKurtov/Videos/New folder/Voltis/tests/RunVoltisCase.cmake:574 (string):
  Policy CMP0053 is not set: Simplify variable reference and escape sequence
  evaluation.  Run "cmake --help-policy CMP0053" for policy details.  Use the
  cmake_policy command to set the policy and suppress this warning.

  For input:

    '${emitted_file_content}'

  the old evaluation rules produce:

    'MZ'

  but the new evaluation rules produce:

    'MZ

























































�


































































PE

d�












�
"























@






















@






















































0

�

















































































�0

�


























.text


�






















 

`.rdata



  
This warning is for project developers.  Use -Wno-dev to suppress it.

<end of output>
Test time =   0.09 sec
----------------------------------------------------------
Test Passed.
"voltis.valid.default_branches" end time: Apr 30 23:12 AUS Eastern Standard Time
"voltis.valid.default_branches" time elapsed: 00:00:00
----------------------------------------------------------

3/53 Testing: voltis.valid.default_float_to_string
3/53 Test: voltis.valid.default_float_to_string
Command: "C:/Program Files/CMake/bin/cmake.exe" "-DCASE=valid-default-float-to-string" "-DVOLTISC=C:/Users/MKurtov/Videos/New folder/Voltis/build-local/voltisc.exe" "-DCASE_DIR=C:/Users/MKurtov/Videos/New folder/Voltis/tests/cases" "-DOUT_DIR=C:/Users/MKurtov/Videos/New folder/Voltis/build-local/tests/artifacts" "-P" "C:/Users/MKurtov/Videos/New folder/Voltis/tests/RunVoltisCase.cmake"
Directory: C:/Users/MKurtov/Videos/New folder/Voltis/build-local/tests
"voltis.valid.default_float_to_string" start time: Apr 30 23:12 AUS Eastern Standard Time
Output:
----------------------------------------------------------
CMake Warning (dev) at C:/Users/MKurtov/Videos/New folder/Voltis/tests/RunVoltisCase.cmake:574 (string):
  Policy CMP0053 is not set: Simplify variable reference and escape sequence
  evaluation.  Run "cmake --help-policy CMP0053" for policy details.  Use the
  cmake_policy command to set the policy and suppress this warning.

  For input:

    '${emitted_file_content}'

  the old evaluation rules produce:

    'MZ'

  but the new evaluation rules produce:

    'MZ

























































�


































































PE

d�












�
"























@






















@






















































0

�

















































































�0

�


























.text


�






















 

`.rdata





 



















@

@.idata

�


0



















@

�UH��H��


H�� 


�!


H�� 


��H�� 


�[ 

H�� 


1���UH��H��`

H�




�)@H������H������H������H��

H������H������H������H������H�|

L������������H�� 


�k 

H�� 


������������H��H��H�� 


�L 

H�� 


H������H������H������������H��I��H�� 


� 

H�� 


H������H������H������H���


H��

H������H������H���


H��

H������H������H�� 


��

H�� 


H������H������H�� 


��

H�� 


H������H������H��H������H�H��H��H�� 


�Y

H�� 


H������H������H������L������H�� 


�1

H�� 


H������H��H������H�H��H������H������H��I��H�� 


��

H�� 


H������H������H������H��� 


H��

H�� 


��

H�� 


�


H������H�� 


�x

H�� 


�



��������������


























































































































































































































































































































































value: 
%.15g


















































































































































































































































































































































































































































































































x0









�0

�0

�0









S1

1

















































































�0













�0













kernel32.dll


ExitProcess
^1





e1





n1





x1





�1





�1





�1





�1





�1













^1





e1





n1





x1





�1





�1





�1





�1





�1













msvcrt.dll


puts


printf


sprintf


malloc


memcpy


strlen


strcmp


strtol


strtod


















































































'

  Using the old result for compatibility since the policy is not set.
This warning is for project developers.  Use -Wno-dev to suppress it.

<end of output>
Test time =   0.15 sec
----------------------------------------------------------
Test Passed.
"voltis.valid.default_float_to_string" end time: Apr 30 23:12 AUS Eastern Standard Time
"voltis.valid.default_float_to_string" time elapsed: 00:00:00
----------------------------------------------------------

4/53 Testing: voltis.valid.default_int_to_floats
4/53 Test: voltis.valid.default_int_to_floats
Command: "C:/Program Files/CMake/bin/cmake.exe" "-DCASE=valid-default-int-to-floats" "-DVOLTISC=C:/Users/MKurtov/Videos/New folder/Voltis/build-local/voltisc.exe" "-DCASE_DIR=C:/Users/MKurtov/Videos/New folder/Voltis/tests/cases" "-DOUT_DIR=C:/Users/MKurtov/Videos/New folder/Voltis/build-local/tests/artifacts" "-P" "C:/Users/MKurtov/Videos/New folder/Voltis/tests/RunVoltisCase.cmake"
Directory: C:/Users/MKurtov/Videos/New folder/Voltis/build-local/tests
"voltis.valid.default_int_to_floats" start time: Apr 30 23:12 AUS Eastern Standard Time
Output:
----------------------------------------------------------
CMake Warning (dev) at C:/Users/MKurtov/Videos/New folder/Voltis/tests/RunVoltisCase.cmake:574 (string):
  Policy CMP0053 is not set: Simplify variable reference and escape sequence
  evaluation.  Run "cmake --help-policy CMP0053" for policy details.  Use the
  cmake_policy command to set the policy and suppress this warning.

  For input:

    '${emitted_file_content}'

  the old evaluation rules produce:

    'MZ'

  but the new evaluation rules produce:

    'MZ

























































�


































































PE

d�












�
"























@






















@






















































0

�

















































































�0

�


























.text


%






















 

`.rdata





 



















@

@.idata

�


0







  
This warning is for project developers.  Use -Wno-dev to suppress it.

<end of output>
Test time =   0.10 sec
----------------------------------------------------------
Test Passed.
"voltis.valid.default_int_to_floats" end time: Apr 30 23:12 AUS Eastern Standard Time
"voltis.valid.default_int_to_floats" time elapsed: 00:00:00
----------------------------------------------------------

5/53 Testing: voltis.valid.default_while_control_flow
5/53 Test: voltis.valid.default_while_control_flow
Command: "C:/Program Files/CMake/bin/cmake.exe" "-DCASE=valid-default-while-control-flow" "-DVOLTISC=C:/Users/MKurtov/Videos/New folder/Voltis/build-local/voltisc.exe" "-DCASE_DIR=C:/Users/MKurtov/Videos/New folder/Voltis/tests/cases" "-DOUT_DIR=C:/Users/MKurtov/Videos/New folder/Voltis/build-local/tests/artifacts" "-P" "C:/Users/MKurtov/Videos/New folder/Voltis/tests/RunVoltisCase.cmake"
Directory: C:/Users/MKurtov/Videos/New folder/Voltis/build-local/tests
"voltis.valid.default_while_control_flow" start time: Apr 30 23:12 AUS Eastern Standard Time
Output:
----------------------------------------------------------
CMake Warning (dev) at C:/Users/MKurtov/Videos/New folder/Voltis/tests/RunVoltisCase.cmake:574 (string):
  Policy CMP0053 is not set: Simplify variable reference and escape sequence
  evaluation.  Run "cmake --help-policy CMP0053" for policy details.  Use the
  cmake_policy command to set the policy and suppress this warning.

  For input:

    '${emitted_file_content}'

  the old evaluation rules produce:

    'MZ'

  but the new evaluation rules produce:

    'MZ

























































�


































































PE

d�












�
"























@






















@






















































0

�

















































































�0

�


























.text


h






















 

`.rdata





 



















@

@.idata

�


0



















@

�UH��H��


H�� 


�!


H�� 


��H�� 


�[ 

H�� 


1���UH��H��

�



�������������������



�������������������



�������������


������������������9��������������������


�s


�������������


������������������ȉ������������������������������


������������������ȉ������������������I���H��

H��x�����������p���H������H��

��p���A��H�� 


��

H�� 


������������H��H��H�� 


��

H�� 


H������H������H������������H��I��H�� 


�[

H�� 


H������H��h���H��x���H���


H�

H������H��h���H���


H��

H������H������H�� 


��

H�� 


H������H������H�� 


��

H�� 


H������H������H��H������H�H��H��H�� 


��

H�� 


H������H������H������L������H�� 


�n

H�� 


H������H��H������H�H��H������H������H��I��H�� 


�.

H�� 


H������H��`���H��`���H��� 


H��

H�� 


��

H�� 


�


H��`���H�� 


��

H�� 


�



��X�����X�����























































































































































total: 
%d





















































































































































































































































































































































































































































































































x0









�0

�0

�0









S1

1

















































































�0













�0













kernel32.dll


ExitProcess
^1





e1





n1





x1





�1





�1





�1





�1





�1













^1





e1





n1





x1





�1





�1





�1





�1





�1













msvcrt.dll


puts


printf


sprintf


malloc


memcpy


strlen


strcmp


strtol


strtod


















































































'

  Using the old result for compatibility since the policy is not set.
This warning is for project developers.  Use -Wno-dev to suppress it.

<end of output>
Test time =   0.14 sec
----------------------------------------------------------
Test Passed.
"voltis.valid.default_while_control_flow" end time: Apr 30 23:12 AUS Eastern Standard Time
"voltis.valid.default_while_control_flow" time elapsed: 00:00:00
----------------------------------------------------------

6/53 Testing: voltis.valid.default_void_return
6/53 Test: voltis.valid.default_void_return
Command: "C:/Program Files/CMake/bin/cmake.exe" "-DCASE=valid-default-void-return" "-DVOLTISC=C:/Users/MKurtov/Videos/New folder/Voltis/build-local/voltisc.exe" "-DCASE_DIR=C:/Users/MKurtov/Videos/New folder/Voltis/tests/cases" "-DOUT_DIR=C:/Users/MKurtov/Videos/New folder/Voltis/build-local/tests/artifacts" "-P" "C:/Users/MKurtov/Videos/New folder/Voltis/tests/RunVoltisCase.cmake"
Directory: C:/Users/MKurtov/Videos/New folder/Voltis/build-local/tests
"voltis.valid.default_void_return" start time: Apr 30 23:12 AUS Eastern Standard Time
Output:
----------------------------------------------------------
CMake Warning (dev) at C:/Users/MKurtov/Videos/New folder/Voltis/tests/RunVoltisCase.cmake:574 (string):
  Policy CMP0053 is not set: Simplify variable reference and escape sequence
  evaluation.  Run "cmake --help-policy CMP0053" for policy details.  Use the
  cmake_policy command to set the policy and suppress this warning.

  For input:

    '${emitted_file_content}'

  the old evaluation rules produce:

    'MZ'

  but the new evaluation rules produce:

    'MZ

























































�


































































PE

d�












�
"























@






















@






















































0

�

















































































�0

�


























.text


*






















 

`.rdata





 



















@

@.idata

�


0



















@

�UH��H��


H�� 


�


H�� 


��H�� 


�[ 

H�� 


1���UH��H��0

H��

H������H������H��� 


H��

H�� 


�� 

H�� 


�


H������H�� 


�n 

H�� 


1���UH��H��0

H�� 


����H�� 


H�C

H������H������H��� 


H�$

H�� 


� 

H�� 


�


H������H�� 


��

H�� 


�



��������������





















































































































































































































banner

done



















































































































































































































































































































































































































































































































x0









�0

�0

�0









S1

1

















































































�0













�0













kernel32.dll


ExitProcess
^1





e1





n1





x1





�1





�1





�1





�1





�1













^1





e1





n1





x1





�1





�1





�1





�1





�1













msvcrt.dll


puts


printf


sprintf


malloc


memcpy


strlen


strcmp


strtol


strtod


















































































'

  Using the old result for compatibility since the policy is not set.
This warning is for project developers.  Use -Wno-dev to suppress it.

<end of output>
Test time =   0.14 sec
----------------------------------------------------------
Test Passed.
"voltis.valid.default_void_return" end time: Apr 30 23:12 AUS Eastern Standard Time
"voltis.valid.default_void_return" time elapsed: 00:00:00
----------------------------------------------------------

7/53 Testing: voltis.valid.default_dll_import
7/53 Test: voltis.valid.default_dll_import
Command: "C:/Program Files/CMake/bin/cmake.exe" "-DCASE=valid-default-dll-import" "-DVOLTISC=C:/Users/MKurtov/Videos/New folder/Voltis/build-local/voltisc.exe" "-DCASE_DIR=C:/Users/MKurtov/Videos/New folder/Voltis/tests/cases" "-DOUT_DIR=C:/Users/MKurtov/Videos/New folder/Voltis/build-local/tests/artifacts" "-P" "C:/Users/MKurtov/Videos/New folder/Voltis/tests/RunVoltisCase.cmake"
Directory: C:/Users/MKurtov/Videos/New folder/Voltis/build-local/tests
"voltis.valid.default_dll_import" start time: Apr 30 23:12 AUS Eastern Standard Time
Output:
----------------------------------------------------------
CMake Warning (dev) at C:/Users/MKurtov/Videos/New folder/Voltis/tests/RunVoltisCase.cmake:574 (string):
  Policy CMP0053 is not set: Simplify variable reference and escape sequence
  evaluation.  Run "cmake --help-policy CMP0053" for policy details.  Use the
  cmake_policy command to set the policy and suppress this warning.

  For input:

    '${emitted_file_content}'

  the old evaluation rules produce:

    'MZ'

  but the new evaluation rules produce:

    'MZ

























































�


































































PE

d�












�
"























@






















@






















































0

�

















































































�0

�


























.text


�






















 

`.rdata



  
This warning is for project developers.  Use -Wno-dev to suppress it.

<end of output>
Test time =   0.10 sec
----------------------------------------------------------
Test Passed.
"voltis.valid.default_dll_import" end time: Apr 30 23:12 AUS Eastern Standard Time
"voltis.valid.default_dll_import" time elapsed: 00:00:00
----------------------------------------------------------

8/53 Testing: voltis.valid.default_import_lib
8/53 Test: voltis.valid.default_import_lib
Command: "C:/Program Files/CMake/bin/cmake.exe" "-DCASE=valid-default-import-lib" "-DVOLTISC=C:/Users/MKurtov/Videos/New folder/Voltis/build-local/voltisc.exe" "-DCASE_DIR=C:/Users/MKurtov/Videos/New folder/Voltis/tests/cases" "-DOUT_DIR=C:/Users/MKurtov/Videos/New folder/Voltis/build-local/tests/artifacts" "-P" "C:/Users/MKurtov/Videos/New folder/Voltis/tests/RunVoltisCase.cmake"
Directory: C:/Users/MKurtov/Videos/New folder/Voltis/build-local/tests
"voltis.valid.default_import_lib" start time: Apr 30 23:12 AUS Eastern Standard Time
Output:
----------------------------------------------------------
CMake Warning (dev) at C:/Users/MKurtov/Videos/New folder/Voltis/tests/RunVoltisCase.cmake:574 (string):
  Policy CMP0053 is not set: Simplify variable reference and escape sequence
  evaluation.  Run "cmake --help-policy CMP0053" for policy details.  Use the
  cmake_policy command to set the policy and suppress this warning.

  For input:

    '${emitted_file_content}'

  the old evaluation rules produce:

    'MZ'

  but the new evaluation rules produce:

    'MZ

























































�


































































PE

d�












�
"























@






















@






















































0

�

















































































�0

�


























.text


�






















 

`.rdata



  
This warning is for project developers.  Use -Wno-dev to suppress it.

<end of output>
Test time =   0.10 sec
----------------------------------------------------------
Test Passed.
"voltis.valid.default_import_lib" end time: Apr 30 23:12 AUS Eastern Standard Time
"voltis.valid.default_import_lib" time elapsed: 00:00:00
----------------------------------------------------------

9/53 Testing: voltis.valid.default_import_a
9/53 Test: voltis.valid.default_import_a
Command: "C:/Program Files/CMake/bin/cmake.exe" "-DCASE=valid-default-import-a" "-DVOLTISC=C:/Users/MKurtov/Videos/New folder/Voltis/build-local/voltisc.exe" "-DCASE_DIR=C:/Users/MKurtov/Videos/New folder/Voltis/tests/cases" "-DOUT_DIR=C:/Users/MKurtov/Videos/New folder/Voltis/build-local/tests/artifacts" "-P" "C:/Users/MKurtov/Videos/New folder/Voltis/tests/RunVoltisCase.cmake"
Directory: C:/Users/MKurtov/Videos/New folder/Voltis/build-local/tests
"voltis.valid.default_import_a" start time: Apr 30 23:12 AUS Eastern Standard Time
Output:
----------------------------------------------------------
CMake Warning (dev) at C:/Users/MKurtov/Videos/New folder/Voltis/tests/RunVoltisCase.cmake:574 (string):
  Policy CMP0053 is not set: Simplify variable reference and escape sequence
  evaluation.  Run "cmake --help-policy CMP0053" for policy details.  Use the
  cmake_policy command to set the policy and suppress this warning.

  For input:

    '${emitted_file_content}'

  the old evaluation rules produce:

    'MZ'

  but the new evaluation rules produce:

    'MZ

























































�


































































PE

d�












�
"























@






















@






















































0

�

















































































�0

�


























.text


�






















 

`.rdata



  
This warning is for project developers.  Use -Wno-dev to suppress it.

<end of output>
Test time =   0.10 sec
----------------------------------------------------------
Test Passed.
"voltis.valid.default_import_a" end time: Apr 30 23:12 AUS Eastern Standard Time
"voltis.valid.default_import_a" time elapsed: 00:00:00
----------------------------------------------------------

10/53 Testing: voltis.valid.default_import_so
10/53 Test: voltis.valid.default_import_so
Command: "C:/Program Files/CMake/bin/cmake.exe" "-DCASE=valid-default-import-so" "-DVOLTISC=C:/Users/MKurtov/Videos/New folder/Voltis/build-local/voltisc.exe" "-DCASE_DIR=C:/Users/MKurtov/Videos/New folder/Voltis/tests/cases" "-DOUT_DIR=C:/Users/MKurtov/Videos/New folder/Voltis/build-local/tests/artifacts" "-P" "C:/Users/MKurtov/Videos/New folder/Voltis/tests/RunVoltisCase.cmake"
Directory: C:/Users/MKurtov/Videos/New folder/Voltis/build-local/tests
"voltis.valid.default_import_so" start time: Apr 30 23:12 AUS Eastern Standard Time
Output:
----------------------------------------------------------
CMake Warning (dev) at C:/Users/MKurtov/Videos/New folder/Voltis/tests/RunVoltisCase.cmake:574 (string):
  Policy CMP0053 is not set: Simplify variable reference and escape sequence
  evaluation.  Run "cmake --help-policy CMP0053" for policy details.  Use the
  cmake_policy command to set the policy and suppress this warning.

  For input:

    '${emitted_file_content}'

  the old evaluation rules produce:

    'MZ'

  but the new evaluation rules produce:

    'MZ

























































�


































































PE

d�












�
"























@






















@






















































0

�

















































































�0

�


























.text


�






















 

`.rdata



  
This warning is for project developers.  Use -Wno-dev to suppress it.

<end of output>
Test time =   0.11 sec
----------------------------------------------------------
Test Passed.
"voltis.valid.default_import_so" end time: Apr 30 23:12 AUS Eastern Standard Time
"voltis.valid.default_import_so" time elapsed: 00:00:00
----------------------------------------------------------

11/53 Testing: voltis.valid.default_import_dylib
11/53 Test: voltis.valid.default_import_dylib
Command: "C:/Program Files/CMake/bin/cmake.exe" "-DCASE=valid-default-import-dylib" "-DVOLTISC=C:/Users/MKurtov/Videos/New folder/Voltis/build-local/voltisc.exe" "-DCASE_DIR=C:/Users/MKurtov/Videos/New folder/Voltis/tests/cases" "-DOUT_DIR=C:/Users/MKurtov/Videos/New folder/Voltis/build-local/tests/artifacts" "-P" "C:/Users/MKurtov/Videos/New folder/Voltis/tests/RunVoltisCase.cmake"
Directory: C:/Users/MKurtov/Videos/New folder/Voltis/build-local/tests
"voltis.valid.default_import_dylib" start time: Apr 30 23:12 AUS Eastern Standard Time
Output:
----------------------------------------------------------
CMake Warning (dev) at C:/Users/MKurtov/Videos/New folder/Voltis/tests/RunVoltisCase.cmake:574 (string):
  Policy CMP0053 is not set: Simplify variable reference and escape sequence
  evaluation.  Run "cmake --help-policy CMP0053" for policy details.  Use the
  cmake_policy command to set the policy and suppress this warning.

  For input:

    '${emitted_file_content}'

  the old evaluation rules produce:

    'MZ'

  but the new evaluation rules produce:

    'MZ

























































�


































































PE

d�












�
"























@






















@






















































0

�

















































































�0

�


























.text


�






















 

`.rdata



  
This warning is for project developers.  Use -Wno-dev to suppress it.

<end of output>
Test time =   0.10 sec
----------------------------------------------------------
Test Passed.
"voltis.valid.default_import_dylib" end time: Apr 30 23:12 AUS Eastern Standard Time
"voltis.valid.default_import_dylib" time elapsed: 00:00:00
----------------------------------------------------------

12/53 Testing: voltis.valid.default_source_import
12/53 Test: voltis.valid.default_source_import
Command: "C:/Program Files/CMake/bin/cmake.exe" "-DCASE=valid-default-source-import" "-DVOLTISC=C:/Users/MKurtov/Videos/New folder/Voltis/build-local/voltisc.exe" "-DCASE_DIR=C:/Users/MKurtov/Videos/New folder/Voltis/tests/cases" "-DOUT_DIR=C:/Users/MKurtov/Videos/New folder/Voltis/build-local/tests/artifacts" "-P" "C:/Users/MKurtov/Videos/New folder/Voltis/tests/RunVoltisCase.cmake"
Directory: C:/Users/MKurtov/Videos/New folder/Voltis/build-local/tests
"voltis.valid.default_source_import" start time: Apr 30 23:12 AUS Eastern Standard Time
Output:
----------------------------------------------------------
CMake Warning (dev) at C:/Users/MKurtov/Videos/New folder/Voltis/tests/RunVoltisCase.cmake:574 (string):
  Policy CMP0053 is not set: Simplify variable reference and escape sequence
  evaluation.  Run "cmake --help-policy CMP0053" for policy details.  Use the
  cmake_policy command to set the policy and suppress this warning.

  For input:

    '${emitted_file_content}'

  the old evaluation rules produce:

    'MZ'

  but the new evaluation rules produce:

    'MZ

























































�


































































PE

d�












�
"























@






















@






















































0

�

















































































�0

�


























.text

























 

`.rdata



  
This warning is for project developers.  Use -Wno-dev to suppress it.

<end of output>
Test time =   0.11 sec
----------------------------------------------------------
Test Passed.
"voltis.valid.default_source_import" end time: Apr 30 23:12 AUS Eastern Standard Time
"voltis.valid.default_source_import" time elapsed: 00:00:00
----------------------------------------------------------

13/53 Testing: voltis.valid.default_source_import_transitive
13/53 Test: voltis.valid.default_source_import_transitive
Command: "C:/Program Files/CMake/bin/cmake.exe" "-DCASE=valid-default-source-import-transitive" "-DVOLTISC=C:/Users/MKurtov/Videos/New folder/Voltis/build-local/voltisc.exe" "-DCASE_DIR=C:/Users/MKurtov/Videos/New folder/Voltis/tests/cases" "-DOUT_DIR=C:/Users/MKurtov/Videos/New folder/Voltis/build-local/tests/artifacts" "-P" "C:/Users/MKurtov/Videos/New folder/Voltis/tests/RunVoltisCase.cmake"
Directory: C:/Users/MKurtov/Videos/New folder/Voltis/build-local/tests
"voltis.valid.default_source_import_transitive" start time: Apr 30 23:12 AUS Eastern Standard Time
Output:
----------------------------------------------------------
CMake Warning (dev) at C:/Users/MKurtov/Videos/New folder/Voltis/tests/RunVoltisCase.cmake:574 (string):
  Policy CMP0053 is not set: Simplify variable reference and escape sequence
  evaluation.  Run "cmake --help-policy CMP0053" for policy details.  Use the
  cmake_policy command to set the policy and suppress this warning.

  For input:

    '${emitted_file_content}'

  the old evaluation rules produce:

    'MZ'

  but the new evaluation rules produce:

    'MZ

























































�


































































PE

d�












�
"























@






















@






















































0

�

















































































�0

�


























.text

























 

`.rdata





 



















@

@.idata

�


0



















@

�UH��H��


H�� 


�


H�� 


��H�� 


�[ 

H�� 


1���UH��H��0

�	


��������������UH��H��@

H�� 


�����H�� 


�������


������������������ȉ�������������UH��H��`

H�� 


����H�� 


������������������H�(

H������������������H������H�

������A��H�� 


� 

H�� 


������������H��H��H�� 


��

H�� 


H������H������H������������H��I��H�� 


��

H�� 


H������H������H������H���


H�r

H������H������H���


H�T

H������H������H�� 


�Z

H�� 


H������H������H�� 


�8

H�� 


H������H������H��H������H�H��H��H�� 


��

H�� 


H������H������H������L������H�� 


��

H�� 


H������H��H������H�H��H������H������H��I��H�� 


��

H�� 


H������H������H������H��� 


H�E

H�� 


�1

H�� 


�


H������H�� 


�

H�� 


�



��������������



















































































































































































































































deep: 
%d






















































































































































































































































































































































































































































































































x0









�0

�0

�0









S1

1

















































































�0













�0













kernel32.dll


ExitProcess
^1





e1





n1





x1





�1





�1





�1





�1





�1













^1





e1





n1





x1





�1





�1





�1





�1





�1













msvcrt.dll


puts


printf


sprintf


malloc


memcpy


strlen


strcmp


strtol


strtod


















































































'

  Using the old result for compatibility since the policy is not set.
This warning is for project developers.  Use -Wno-dev to suppress it.

<end of output>
Test time =   0.17 sec
----------------------------------------------------------
Test Passed.
"voltis.valid.default_source_import_transitive" end time: Apr 30 23:12 AUS Eastern Standard Time
"voltis.valid.default_source_import_transitive" time elapsed: 00:00:00
----------------------------------------------------------

14/53 Testing: voltis.valid.default_multi_root_inputs
14/53 Test: voltis.valid.default_multi_root_inputs
Command: "C:/Program Files/CMake/bin/cmake.exe" "-DCASE=valid-default-multi-root-inputs" "-DVOLTISC=C:/Users/MKurtov/Videos/New folder/Voltis/build-local/voltisc.exe" "-DCASE_DIR=C:/Users/MKurtov/Videos/New folder/Voltis/tests/cases" "-DOUT_DIR=C:/Users/MKurtov/Videos/New folder/Voltis/build-local/tests/artifacts" "-P" "C:/Users/MKurtov/Videos/New folder/Voltis/tests/RunVoltisCase.cmake"
Directory: C:/Users/MKurtov/Videos/New folder/Voltis/build-local/tests
"voltis.valid.default_multi_root_inputs" start time: Apr 30 23:12 AUS Eastern Standard Time
Output:
----------------------------------------------------------
CMake Warning (dev) at C:/Users/MKurtov/Videos/New folder/Voltis/tests/RunVoltisCase.cmake:574 (string):
  Policy CMP0053 is not set: Simplify variable reference and escape sequence
  evaluation.  Run "cmake --help-policy CMP0053" for policy details.  Use the
  cmake_policy command to set the policy and suppress this warning.

  For input:

    '${emitted_file_content}'

  the old evaluation rules produce:

    'MZ'

  but the new evaluation rules produce:

    'MZ

























































�


































































PE

d�












�
"























@






















@






















































0

�

















































































�0

�


























.text

























 

`.rdata





 



















@

@.idata

�


0



















@

�UH��H��


H�� 


�!


H�� 


��H�� 


�[ 

H�� 


1���UH��H��p

�


�������


������������H��������H��H�� 


�T

H�� 


������������������H�i

H������������������H������H�P

������A��H�� 


�E 

H�� 


������������H��H��H�� 


�& 

H�� 


H������H������H������������H��I��H�� 


��

H�� 


H������H������H������H���


H��

H������H������H���


H��

H������H������H�� 


��

H�� 


H������H������H�� 


�y

H�� 


H������H������H��H������H�H��H��H�� 


�3

H�� 


H������H������H������L������H�� 


�

H�� 


H������H��H������H�H��H������H������H��I��H�� 


��

H�� 


H������H������H������H��� 


H��

H�� 


�r

H�� 


�


H������H�� 


�R

H�� 


�



��������������UH��H��P

������������������������������������������������ȉ�������������









































































































































































































































multi: 
%d





















































































































































































































































































































































































































































































































x0









�0

�0

�0









S1

1

















































































�0













�0













kernel32.dll


ExitProcess
^1





e1





n1





x1





�1





�1





�1





�1





�1













^1





e1





n1





x1





�1





�1





�1





�1





�1













msvcrt.dll


puts


printf


sprintf


malloc


memcpy


strlen


strcmp


strtol


strtod


















































































'

  Using the old result for compatibility since the policy is not set.
This warning is for project developers.  Use -Wno-dev to suppress it.

<end of output>
Test time =   0.15 sec
----------------------------------------------------------
Test Passed.
"voltis.valid.default_multi_root_inputs" end time: Apr 30 23:12 AUS Eastern Standard Time
"voltis.valid.default_multi_root_inputs" time elapsed: 00:00:00
----------------------------------------------------------

15/53 Testing: voltis.valid.default_multi_root_linker_chain
15/53 Test: voltis.valid.default_multi_root_linker_chain
Command: "C:/Program Files/CMake/bin/cmake.exe" "-DCASE=valid-default-multi-root-linker-chain" "-DVOLTISC=C:/Users/MKurtov/Videos/New folder/Voltis/build-local/voltisc.exe" "-DCASE_DIR=C:/Users/MKurtov/Videos/New folder/Voltis/tests/cases" "-DOUT_DIR=C:/Users/MKurtov/Videos/New folder/Voltis/build-local/tests/artifacts" "-P" "C:/Users/MKurtov/Videos/New folder/Voltis/tests/RunVoltisCase.cmake"
Directory: C:/Users/MKurtov/Videos/New folder/Voltis/build-local/tests
"voltis.valid.default_multi_root_linker_chain" start time: Apr 30 23:12 AUS Eastern Standard Time
Output:
----------------------------------------------------------
CMake Warning (dev) at C:/Users/MKurtov/Videos/New folder/Voltis/tests/RunVoltisCase.cmake:574 (string):
  Policy CMP0053 is not set: Simplify variable reference and escape sequence
  evaluation.  Run "cmake --help-policy CMP0053" for policy details.  Use the
  cmake_policy command to set the policy and suppress this warning.

  For input:

    '${emitted_file_content}'

  the old evaluation rules produce:

    'MZ'

  but the new evaluation rules produce:

    'MZ

























































�


































































PE

d�












�
"























@






















@






















































0

�

















































































�0

�


























.text


�






















 

`.rdata





 



















@

@.idata

�


0



















@

�UH��H��


H�� 


�a


H�� 


��H�� 


�[ 

H�� 


1���UH��H��0

�


������������H��H�� 


��

H�� 


��������������UH��H��`

H�� 


����H�� 


������������������H�Q

H������������������H������H�8

������A��H�� 


�- 

H�� 


������������H��H��H�� 


� 

H�� 


H������H������H������������H��I��H�� 


��

H�� 


H������H������H������H���


H��

H������H������H���


H�~

H������H������H�� 


��

H�� 


H������H������H�� 


�a

H�� 


H������H������H��H������H�H��H��H�� 


�

H�� 


H������H������H������L������H�� 


��

H�� 


H������H��H������H�H��H������H������H��I��H�� 


��

H�� 


H������H������H������H��� 


H�o

H�� 


�Z

H�� 


�


H������H�� 


�:

H�� 


�



��������������UH��H��@

�������������������


����������������������������������UH��H��P

������������������������H��H�� 


����H�� 


�������


������������������ȉ�������������

















































































































chain: 
%d





















































































































































































































































































































































































































































































































x0









�0

�0

�0









S1

1

















































































�0













�0













kernel32.dll


ExitProcess
^1





e1





n1





x1





�1





�1





�1





�1





�1













^1





e1





n1





x1





�1





�1





�1





�1





�1













msvcrt.dll


puts


printf


sprintf


malloc


memcpy


strlen


strcmp


strtol


strtod


















































































'

  Using the old result for compatibility since the policy is not set.
This warning is for project developers.  Use -Wno-dev to suppress it.

<end of output>
Test time =   0.14 sec
----------------------------------------------------------
Test Passed.
"voltis.valid.default_multi_root_linker_chain" end time: Apr 30 23:12 AUS Eastern Standard Time
"voltis.valid.default_multi_root_linker_chain" time elapsed: 00:00:00
----------------------------------------------------------

16/53 Testing: voltis.valid.default_struct_type_surface
16/53 Test: voltis.valid.default_struct_type_surface
Command: "C:/Program Files/CMake/bin/cmake.exe" "-DCASE=valid-default-struct-type-surface" "-DVOLTISC=C:/Users/MKurtov/Videos/New folder/Voltis/build-local/voltisc.exe" "-DCASE_DIR=C:/Users/MKurtov/Videos/New folder/Voltis/tests/cases" "-DOUT_DIR=C:/Users/MKurtov/Videos/New folder/Voltis/build-local/tests/artifacts" "-P" "C:/Users/MKurtov/Videos/New folder/Voltis/tests/RunVoltisCase.cmake"
Directory: C:/Users/MKurtov/Videos/New folder/Voltis/build-local/tests
"voltis.valid.default_struct_type_surface" start time: Apr 30 23:12 AUS Eastern Standard Time
Output:
----------------------------------------------------------
CMake Warning (dev) at C:/Users/MKurtov/Videos/New folder/Voltis/tests/RunVoltisCase.cmake:574 (string):
  Policy CMP0053 is not set: Simplify variable reference and escape sequence
  evaluation.  Run "cmake --help-policy CMP0053" for policy details.  Use the
  cmake_policy command to set the policy and suppress this warning.

  For input:

    '${emitted_file_content}'

  the old evaluation rules produce:

    'MZ'

  but the new evaluation rules produce:

    'MZ

























































�


































































PE

d�












�
"























@






















@






















































0

�

















































































�0

�


























.text


�























 

`.rdata





 



















@

@.idata

�


0



















@

�UH��H��


H�� 


�!


H�� 


��H�� 


�[ 

H�� 


1���UH��H��0

H��

H������H������H��� 


H��

H�� 


�� 

H�� 


�


H������H�� 


�n 

H�� 


�



��������������
















































































































































































































































































































































ok





























































































































































































































































































































































































































































































































x0









�0

�0

�0









S1

1

















































































�0













�0













kernel32.dll


ExitProcess
^1





e1





n1





x1





�1





�1





�1





�1





�1













^1





e1





n1





x1





�1





�1





�1





�1





�1













msvcrt.dll


puts


printf


sprintf


malloc


memcpy


strlen


strcmp


strtol


strtod


















































































'

  Using the old result for compatibility since the policy is not set.
This warning is for project developers.  Use -Wno-dev to suppress it.

<end of output>
Test time =   0.15 sec
----------------------------------------------------------
Test Passed.
"voltis.valid.default_struct_type_surface" end time: Apr 30 23:12 AUS Eastern Standard Time
"voltis.valid.default_struct_type_surface" time elapsed: 00:00:00
----------------------------------------------------------

17/53 Testing: voltis.valid.default_linker_relocation_stress
17/53 Test: voltis.valid.default_linker_relocation_stress
Command: "C:/Program Files/CMake/bin/cmake.exe" "-DCASE=valid-default-linker-relocation-stress" "-DVOLTISC=C:/Users/MKurtov/Videos/New folder/Voltis/build-local/voltisc.exe" "-DCASE_DIR=C:/Users/MKurtov/Videos/New folder/Voltis/tests/cases" "-DOUT_DIR=C:/Users/MKurtov/Videos/New folder/Voltis/build-local/tests/artifacts" "-P" "C:/Users/MKurtov/Videos/New folder/Voltis/tests/RunVoltisCase.cmake"
Directory: C:/Users/MKurtov/Videos/New folder/Voltis/build-local/tests
"voltis.valid.default_linker_relocation_stress" start time: Apr 30 23:12 AUS Eastern Standard Time
Output:
----------------------------------------------------------
CMake Warning (dev) at C:/Users/MKurtov/Videos/New folder/Voltis/tests/RunVoltisCase.cmake:574 (string):
  Policy CMP0053 is not set: Simplify variable reference and escape sequence
  evaluation.  Run "cmake --help-policy CMP0053" for policy details.  Use the
  cmake_policy command to set the policy and suppress this warning.

  For input:

    '${emitted_file_content}'

  the old evaluation rules produce:

    'MZ'

  but the new evaluation rules produce:

    'MZ

























































�


































































PE

d�












�
"























@






















@






















































0

�

















































































�0

�


























.text


B






















 

`.rdata





 



















@

@.idata

�


0







  
This warning is for project developers.  Use -Wno-dev to suppress it.

<end of output>
Test time =   0.11 sec
----------------------------------------------------------
Test Passed.
"voltis.valid.default_linker_relocation_stress" end time: Apr 30 23:12 AUS Eastern Standard Time
"voltis.valid.default_linker_relocation_stress" time elapsed: 00:00:00
----------------------------------------------------------

18/53 Testing: voltis.valid.default_pe_layout_metadata
18/53 Test: voltis.valid.default_pe_layout_metadata
Command: "C:/Program Files/CMake/bin/cmake.exe" "-DCASE=valid-default-pe-layout-metadata" "-DVOLTISC=C:/Users/MKurtov/Videos/New folder/Voltis/build-local/voltisc.exe" "-DCASE_DIR=C:/Users/MKurtov/Videos/New folder/Voltis/tests/cases" "-DOUT_DIR=C:/Users/MKurtov/Videos/New folder/Voltis/build-local/tests/artifacts" "-P" "C:/Users/MKurtov/Videos/New folder/Voltis/tests/RunVoltisCase.cmake"
Directory: C:/Users/MKurtov/Videos/New folder/Voltis/build-local/tests
"voltis.valid.default_pe_layout_metadata" start time: Apr 30 23:12 AUS Eastern Standard Time
Output:
----------------------------------------------------------
CMake Warning (dev) at C:/Users/MKurtov/Videos/New folder/Voltis/tests/RunVoltisCase.cmake:574 (string):
  Policy CMP0053 is not set: Simplify variable reference and escape sequence
  evaluation.  Run "cmake --help-policy CMP0053" for policy details.  Use the
  cmake_policy command to set the policy and suppress this warning.

  For input:

    '${emitted_file_content}'

  the old evaluation rules produce:

    'MZ'

  but the new evaluation rules produce:

    'MZ

























































�


































































PE

d�












�
"























@






















@






















































0

�

















































































�0

�


























.text


>






















 

`.rdata





 



















@

@.idata

�


0



















@

�UH��H��


H�� 


�l


H�� 


��H�� 


�[ 

H�� 


1���UH��H��P

������������������������������������������������ȉ�������������UH��H��

�


������������������������������H������H�A

������A��H�� 


�> 

H�� 


������������H��H��H�� 


� 

H�� 


H������H������H������������H��I��H�� 


��

H�� 


H������H������H������H������H������H������H������H��� 


H��

H�� 


�|

H�� 


�


H������H�� 


�\

H�� 


�������������


������������H��������H��H�� 


�U���H�� 


������������������������������H��

��������H�� 


��

H�� 


�



��������������

































































































































































































































































































































































































































































%d

%d

  
This warning is for project developers.  Use -Wno-dev to suppress it.

<end of output>
Test time =   0.10 sec
----------------------------------------------------------
Test Passed.
"voltis.valid.default_pe_layout_metadata" end time: Apr 30 23:12 AUS Eastern Standard Time
"voltis.valid.default_pe_layout_metadata" time elapsed: 00:00:00
----------------------------------------------------------

19/53 Testing: voltis.valid.emit_elf_x64
19/53 Test: voltis.valid.emit_elf_x64
Command: "C:/Program Files/CMake/bin/cmake.exe" "-DCASE=valid-emit-elf-x64" "-DVOLTISC=C:/Users/MKurtov/Videos/New folder/Voltis/build-local/voltisc.exe" "-DCASE_DIR=C:/Users/MKurtov/Videos/New folder/Voltis/tests/cases" "-DOUT_DIR=C:/Users/MKurtov/Videos/New folder/Voltis/build-local/tests/artifacts" "-P" "C:/Users/MKurtov/Videos/New folder/Voltis/tests/RunVoltisCase.cmake"
Directory: C:/Users/MKurtov/Videos/New folder/Voltis/build-local/tests
"voltis.valid.emit_elf_x64" start time: Apr 30 23:12 AUS Eastern Standard Time
Output:
----------------------------------------------------------
CMake Warning (dev) at C:/Users/MKurtov/Videos/New folder/Voltis/tests/RunVoltisCase.cmake:574 (string):
  Policy CMP0053 is not set: Simplify variable reference and escape sequence
  evaluation.  Run "cmake --help-policy CMP0053" for policy details.  Use the
  cmake_policy command to set the policy and suppress this warning.

  For input:

    '${emitted_file_content}'

  the old evaluation rules produce:

    'ELF'

  but the new evaluation rules produce:

    'ELF









>










@


















@
8


































>





>



































































































































































































































































































































































































































































































































































































































































































































































































































































































































































































































































































































































































































































































































































































































































































































































































































































































































































































































































































































































































































































































































































































































































































































































































































































































































































































































































































































































































































































































































































































































































































































































































































































































































































































































































































































































































































































































































































































































































































































































































































[...]
Directory: C:/Users/MKurtov/Videos/New folder/Voltis/build-local/tests
"voltis.failure.undefined_function" start time: Apr 30 23:12 AUS Eastern Standard Time
Output:
----------------------------------------------------------
<end of output>
Test time =   0.06 sec
----------------------------------------------------------
Test Passed.
"voltis.failure.undefined_function" end time: Apr 30 23:12 AUS Eastern Standard Time
"voltis.failure.undefined_function" time elapsed: 00:00:00
----------------------------------------------------------

35/53 Testing: voltis.failure.bad_arg_count
35/53 Test: voltis.failure.bad_arg_count
Command: "C:/Program Files/CMake/bin/cmake.exe" "-DCASE=sema-bad-arg-count" "-DVOLTISC=C:/Users/MKurtov/Videos/New folder/Voltis/build-local/voltisc.exe" "-DCASE_DIR=C:/Users/MKurtov/Videos/New folder/Voltis/tests/cases" "-DOUT_DIR=C:/Users/MKurtov/Videos/New folder/Voltis/build-local/tests/artifacts" "-P" "C:/Users/MKurtov/Videos/New folder/Voltis/tests/RunVoltisCase.cmake"
Directory: C:/Users/MKurtov/Videos/New folder/Voltis/build-local/tests
"voltis.failure.bad_arg_count" start time: Apr 30 23:12 AUS Eastern Standard Time
Output:
----------------------------------------------------------
<end of output>
Test time =   0.06 sec
----------------------------------------------------------
Test Passed.
"voltis.failure.bad_arg_count" end time: Apr 30 23:12 AUS Eastern Standard Time
"voltis.failure.bad_arg_count" time elapsed: 00:00:00
----------------------------------------------------------

36/53 Testing: voltis.failure.bad_arg_type
36/53 Test: voltis.failure.bad_arg_type
Command: "C:/Program Files/CMake/bin/cmake.exe" "-DCASE=sema-bad-arg-type" "-DVOLTISC=C:/Users/MKurtov/Videos/New folder/Voltis/build-local/voltisc.exe" "-DCASE_DIR=C:/Users/MKurtov/Videos/New folder/Voltis/tests/cases" "-DOUT_DIR=C:/Users/MKurtov/Videos/New folder/Voltis/build-local/tests/artifacts" "-P" "C:/Users/MKurtov/Videos/New folder/Voltis/tests/RunVoltisCase.cmake"
Directory: C:/Users/MKurtov/Videos/New folder/Voltis/build-local/tests
"voltis.failure.bad_arg_type" start time: Apr 30 23:12 AUS Eastern Standard Time
Output:
----------------------------------------------------------
<end of output>
Test time =   0.06 sec
----------------------------------------------------------
Test Passed.
"voltis.failure.bad_arg_type" end time: Apr 30 23:12 AUS Eastern Standard Time
"voltis.failure.bad_arg_type" time elapsed: 00:00:00
----------------------------------------------------------

37/53 Testing: voltis.failure.bad_conversion
37/53 Test: voltis.failure.bad_conversion
Command: "C:/Program Files/CMake/bin/cmake.exe" "-DCASE=sema-bad-conversion" "-DVOLTISC=C:/Users/MKurtov/Videos/New folder/Voltis/build-local/voltisc.exe" "-DCASE_DIR=C:/Users/MKurtov/Videos/New folder/Voltis/tests/cases" "-DOUT_DIR=C:/Users/MKurtov/Videos/New folder/Voltis/build-local/tests/artifacts" "-P" "C:/Users/MKurtov/Videos/New folder/Voltis/tests/RunVoltisCase.cmake"
Directory: C:/Users/MKurtov/Videos/New folder/Voltis/build-local/tests
"voltis.failure.bad_conversion" start time: Apr 30 23:12 AUS Eastern Standard Time
Output:
----------------------------------------------------------
<end of output>
Test time =   0.06 sec
----------------------------------------------------------
Test Passed.
"voltis.failure.bad_conversion" end time: Apr 30 23:12 AUS Eastern Standard Time
"voltis.failure.bad_conversion" time elapsed: 00:00:00
----------------------------------------------------------

38/53 Testing: voltis.failure.duplicate_symbol
38/53 Test: voltis.failure.duplicate_symbol
Command: "C:/Program Files/CMake/bin/cmake.exe" "-DCASE=sema-duplicate-symbol" "-DVOLTISC=C:/Users/MKurtov/Videos/New folder/Voltis/build-local/voltisc.exe" "-DCASE_DIR=C:/Users/MKurtov/Videos/New folder/Voltis/tests/cases" "-DOUT_DIR=C:/Users/MKurtov/Videos/New folder/Voltis/build-local/tests/artifacts" "-P" "C:/Users/MKurtov/Videos/New folder/Voltis/tests/RunVoltisCase.cmake"
Directory: C:/Users/MKurtov/Videos/New folder/Voltis/build-local/tests
"voltis.failure.duplicate_symbol" start time: Apr 30 23:12 AUS Eastern Standard Time
Output:
----------------------------------------------------------
<end of output>
Test time =   0.06 sec
----------------------------------------------------------
Test Passed.
"voltis.failure.duplicate_symbol" end time: Apr 30 23:12 AUS Eastern Standard Time
"voltis.failure.duplicate_symbol" time elapsed: 00:00:00
----------------------------------------------------------

39/53 Testing: voltis.failure.if_condition_not_bool
39/53 Test: voltis.failure.if_condition_not_bool
Command: "C:/Program Files/CMake/bin/cmake.exe" "-DCASE=sema-if-condition-not-bool" "-DVOLTISC=C:/Users/MKurtov/Videos/New folder/Voltis/build-local/voltisc.exe" "-DCASE_DIR=C:/Users/MKurtov/Videos/New folder/Voltis/tests/cases" "-DOUT_DIR=C:/Users/MKurtov/Videos/New folder/Voltis/build-local/tests/artifacts" "-P" "C:/Users/MKurtov/Videos/New folder/Voltis/tests/RunVoltisCase.cmake"
Directory: C:/Users/MKurtov/Videos/New folder/Voltis/build-local/tests
"voltis.failure.if_condition_not_bool" start time: Apr 30 23:12 AUS Eastern Standard Time
Output:
----------------------------------------------------------
<end of output>
Test time =   0.06 sec
----------------------------------------------------------
Test Passed.
"voltis.failure.if_condition_not_bool" end time: Apr 30 23:12 AUS Eastern Standard Time
"voltis.failure.if_condition_not_bool" time elapsed: 00:00:00
----------------------------------------------------------

40/53 Testing: voltis.failure.while_condition_not_bool
40/53 Test: voltis.failure.while_condition_not_bool
Command: "C:/Program Files/CMake/bin/cmake.exe" "-DCASE=sema-while-condition-not-bool" "-DVOLTISC=C:/Users/MKurtov/Videos/New folder/Voltis/build-local/voltisc.exe" "-DCASE_DIR=C:/Users/MKurtov/Videos/New folder/Voltis/tests/cases" "-DOUT_DIR=C:/Users/MKurtov/Videos/New folder/Voltis/build-local/tests/artifacts" "-P" "C:/Users/MKurtov/Videos/New folder/Voltis/tests/RunVoltisCase.cmake"
Directory: C:/Users/MKurtov/Videos/New folder/Voltis/build-local/tests
"voltis.failure.while_condition_not_bool" start time: Apr 30 23:12 AUS Eastern Standard Time
Output:
----------------------------------------------------------
<end of output>
Test time =   0.06 sec
----------------------------------------------------------
Test Passed.
"voltis.failure.while_condition_not_bool" end time: Apr 30 23:12 AUS Eastern Standard Time
"voltis.failure.while_condition_not_bool" time elapsed: 00:00:00
----------------------------------------------------------

41/53 Testing: voltis.failure.print_arity
41/53 Test: voltis.failure.print_arity
Command: "C:/Program Files/CMake/bin/cmake.exe" "-DCASE=sema-print-arity" "-DVOLTISC=C:/Users/MKurtov/Videos/New folder/Voltis/build-local/voltisc.exe" "-DCASE_DIR=C:/Users/MKurtov/Videos/New folder/Voltis/tests/cases" "-DOUT_DIR=C:/Users/MKurtov/Videos/New folder/Voltis/build-local/tests/artifacts" "-P" "C:/Users/MKurtov/Videos/New folder/Voltis/tests/RunVoltisCase.cmake"
Directory: C:/Users/MKurtov/Videos/New folder/Voltis/build-local/tests
"voltis.failure.print_arity" start time: Apr 30 23:12 AUS Eastern Standard Time
Output:
----------------------------------------------------------
<end of output>
Test time =   0.06 sec
----------------------------------------------------------
Test Passed.
"voltis.failure.print_arity" end time: Apr 30 23:12 AUS Eastern Standard Time
"voltis.failure.print_arity" time elapsed: 00:00:00
----------------------------------------------------------

42/53 Testing: voltis.failure.bad_round_receiver
42/53 Test: voltis.failure.bad_round_receiver
Command: "C:/Program Files/CMake/bin/cmake.exe" "-DCASE=sema-bad-round-receiver" "-DVOLTISC=C:/Users/MKurtov/Videos/New folder/Voltis/build-local/voltisc.exe" "-DCASE_DIR=C:/Users/MKurtov/Videos/New folder/Voltis/tests/cases" "-DOUT_DIR=C:/Users/MKurtov/Videos/New folder/Voltis/build-local/tests/artifacts" "-P" "C:/Users/MKurtov/Videos/New folder/Voltis/tests/RunVoltisCase.cmake"
Directory: C:/Users/MKurtov/Videos/New folder/Voltis/build-local/tests
"voltis.failure.bad_round_receiver" start time: Apr 30 23:12 AUS Eastern Standard Time
Output:
----------------------------------------------------------
<end of output>
Test time =   0.06 sec
----------------------------------------------------------
Test Passed.
"voltis.failure.bad_round_receiver" end time: Apr 30 23:12 AUS Eastern Standard Time
"voltis.failure.bad_round_receiver" time elapsed: 00:00:00
----------------------------------------------------------

43/53 Testing: voltis.failure.var_infer_void
43/53 Test: voltis.failure.var_infer_void
Command: "C:/Program Files/CMake/bin/cmake.exe" "-DCASE=sema-var-infer-void" "-DVOLTISC=C:/Users/MKurtov/Videos/New folder/Voltis/build-local/voltisc.exe" "-DCASE_DIR=C:/Users/MKurtov/Videos/New folder/Voltis/tests/cases" "-DOUT_DIR=C:/Users/MKurtov/Videos/New folder/Voltis/build-local/tests/artifacts" "-P" "C:/Users/MKurtov/Videos/New folder/Voltis/tests/RunVoltisCase.cmake"
Directory: C:/Users/MKurtov/Videos/New folder/Voltis/build-local/tests
"voltis.failure.var_infer_void" start time: Apr 30 23:12 AUS Eastern Standard Time
Output:
----------------------------------------------------------
<end of output>
Test time =   0.06 sec
----------------------------------------------------------
Test Passed.
"voltis.failure.var_infer_void" end time: Apr 30 23:12 AUS Eastern Standard Time
"voltis.failure.var_infer_void" time elapsed: 00:00:00
----------------------------------------------------------

44/53 Testing: voltis.failure.break_outside_loop
44/53 Test: voltis.failure.break_outside_loop
Command: "C:/Program Files/CMake/bin/cmake.exe" "-DCASE=sema-break-outside-loop" "-DVOLTISC=C:/Users/MKurtov/Videos/New folder/Voltis/build-local/voltisc.exe" "-DCASE_DIR=C:/Users/MKurtov/Videos/New folder/Voltis/tests/cases" "-DOUT_DIR=C:/Users/MKurtov/Videos/New folder/Voltis/build-local/tests/artifacts" "-P" "C:/Users/MKurtov/Videos/New folder/Voltis/tests/RunVoltisCase.cmake"
Directory: C:/Users/MKurtov/Videos/New folder/Voltis/build-local/tests
"voltis.failure.break_outside_loop" start time: Apr 30 23:12 AUS Eastern Standard Time
Output:
----------------------------------------------------------
<end of output>
Test time =   0.06 sec
----------------------------------------------------------
Test Passed.
"voltis.failure.break_outside_loop" end time: Apr 30 23:12 AUS Eastern Standard Time
"voltis.failure.break_outside_loop" time elapsed: 00:00:00
----------------------------------------------------------

45/53 Testing: voltis.failure.continue_outside_loop
45/53 Test: voltis.failure.continue_outside_loop
Command: "C:/Program Files/CMake/bin/cmake.exe" "-DCASE=sema-continue-outside-loop" "-DVOLTISC=C:/Users/MKurtov/Videos/New folder/Voltis/build-local/voltisc.exe" "-DCASE_DIR=C:/Users/MKurtov/Videos/New folder/Voltis/tests/cases" "-DOUT_DIR=C:/Users/MKurtov/Videos/New folder/Voltis/build-local/tests/artifacts" "-P" "C:/Users/MKurtov/Videos/New folder/Voltis/tests/RunVoltisCase.cmake"
Directory: C:/Users/MKurtov/Videos/New folder/Voltis/build-local/tests
"voltis.failure.continue_outside_loop" start time: Apr 30 23:12 AUS Eastern Standard Time
Output:
----------------------------------------------------------
<end of output>
Test time =   0.06 sec
----------------------------------------------------------
Test Passed.
"voltis.failure.continue_outside_loop" end time: Apr 30 23:12 AUS Eastern Standard Time
"voltis.failure.continue_outside_loop" time elapsed: 00:00:00
----------------------------------------------------------

46/53 Testing: voltis.failure.nonvoid_return_without_value
46/53 Test: voltis.failure.nonvoid_return_without_value
Command: "C:/Program Files/CMake/bin/cmake.exe" "-DCASE=sema-nonvoid-return-without-value" "-DVOLTISC=C:/Users/MKurtov/Videos/New folder/Voltis/build-local/voltisc.exe" "-DCASE_DIR=C:/Users/MKurtov/Videos/New folder/Voltis/tests/cases" "-DOUT_DIR=C:/Users/MKurtov/Videos/New folder/Voltis/build-local/tests/artifacts" "-P" "C:/Users/MKurtov/Videos/New folder/Voltis/tests/RunVoltisCase.cmake"
Directory: C:/Users/MKurtov/Videos/New folder/Voltis/build-local/tests
"voltis.failure.nonvoid_return_without_value" start time: Apr 30 23:12 AUS Eastern Standard Time
Output:
----------------------------------------------------------
<end of output>
Test time =   0.06 sec
----------------------------------------------------------
Test Passed.
"voltis.failure.nonvoid_return_without_value" end time: Apr 30 23:12 AUS Eastern Standard Time
"voltis.failure.nonvoid_return_without_value" time elapsed: 00:00:00
----------------------------------------------------------

47/53 Testing: voltis.failure.void_return_with_value
47/53 Test: voltis.failure.void_return_with_value
Command: "C:/Program Files/CMake/bin/cmake.exe" "-DCASE=sema-void-return-with-value" "-DVOLTISC=C:/Users/MKurtov/Videos/New folder/Voltis/build-local/voltisc.exe" "-DCASE_DIR=C:/Users/MKurtov/Videos/New folder/Voltis/tests/cases" "-DOUT_DIR=C:/Users/MKurtov/Videos/New folder/Voltis/build-local/tests/artifacts" "-P" "C:/Users/MKurtov/Videos/New folder/Voltis/tests/RunVoltisCase.cmake"
Directory: C:/Users/MKurtov/Videos/New folder/Voltis/build-local/tests
"voltis.failure.void_return_with_value" start time: Apr 30 23:12 AUS Eastern Standard Time
Output:
----------------------------------------------------------
<end of output>
Test time =   0.06 sec
----------------------------------------------------------
Test Passed.
"voltis.failure.void_return_with_value" end time: Apr 30 23:12 AUS Eastern Standard Time
"voltis.failure.void_return_with_value" time elapsed: 00:00:00
----------------------------------------------------------

48/53 Testing: voltis.failure.missing_return_path
48/53 Test: voltis.failure.missing_return_path
Command: "C:/Program Files/CMake/bin/cmake.exe" "-DCASE=sema-missing-return-path" "-DVOLTISC=C:/Users/MKurtov/Videos/New folder/Voltis/build-local/voltisc.exe" "-DCASE_DIR=C:/Users/MKurtov/Videos/New folder/Voltis/tests/cases" "-DOUT_DIR=C:/Users/MKurtov/Videos/New folder/Voltis/build-local/tests/artifacts" "-P" "C:/Users/MKurtov/Videos/New folder/Voltis/tests/RunVoltisCase.cmake"
Directory: C:/Users/MKurtov/Videos/New folder/Voltis/build-local/tests
"voltis.failure.missing_return_path" start time: Apr 30 23:12 AUS Eastern Standard Time
Output:
----------------------------------------------------------
<end of output>
Test time =   0.06 sec
----------------------------------------------------------
Test Passed.
"voltis.failure.missing_return_path" end time: Apr 30 23:12 AUS Eastern Standard Time
"voltis.failure.missing_return_path" time elapsed: 00:00:00
----------------------------------------------------------

49/53 Testing: voltis.failure.extern_missing_import
49/53 Test: voltis.failure.extern_missing_import
Command: "C:/Program Files/CMake/bin/cmake.exe" "-DCASE=sema-extern-missing-import" "-DVOLTISC=C:/Users/MKurtov/Videos/New folder/Voltis/build-local/voltisc.exe" "-DCASE_DIR=C:/Users/MKurtov/Videos/New folder/Voltis/tests/cases" "-DOUT_DIR=C:/Users/MKurtov/Videos/New folder/Voltis/build-local/tests/artifacts" "-P" "C:/Users/MKurtov/Videos/New folder/Voltis/tests/RunVoltisCase.cmake"
Directory: C:/Users/MKurtov/Videos/New folder/Voltis/build-local/tests
"voltis.failure.extern_missing_import" start time: Apr 30 23:12 AUS Eastern Standard Time
Output:
----------------------------------------------------------
<end of output>
Test time =   0.06 sec
----------------------------------------------------------
Test Passed.
"voltis.failure.extern_missing_import" end time: Apr 30 23:12 AUS Eastern Standard Time
"voltis.failure.extern_missing_import" time elapsed: 00:00:00
----------------------------------------------------------

50/53 Testing: voltis.failure.duplicate_import
50/53 Test: voltis.failure.duplicate_import
Command: "C:/Program Files/CMake/bin/cmake.exe" "-DCASE=sema-duplicate-import" "-DVOLTISC=C:/Users/MKurtov/Videos/New folder/Voltis/build-local/voltisc.exe" "-DCASE_DIR=C:/Users/MKurtov/Videos/New folder/Voltis/tests/cases" "-DOUT_DIR=C:/Users/MKurtov/Videos/New folder/Voltis/build-local/tests/artifacts" "-P" "C:/Users/MKurtov/Videos/New folder/Voltis/tests/RunVoltisCase.cmake"
Directory: C:/Users/MKurtov/Videos/New folder/Voltis/build-local/tests
"voltis.failure.duplicate_import" start time: Apr 30 23:12 AUS Eastern Standard Time
Output:
----------------------------------------------------------
<end of output>
Test time =   0.06 sec
----------------------------------------------------------
Test Passed.
"voltis.failure.duplicate_import" end time: Apr 30 23:12 AUS Eastern Standard Time
"voltis.failure.duplicate_import" time elapsed: 00:00:00
----------------------------------------------------------

51/53 Testing: voltis.failure.source_import_missing_file
51/53 Test: voltis.failure.source_import_missing_file
Command: "C:/Program Files/CMake/bin/cmake.exe" "-DCASE=source-import-missing-file" "-DVOLTISC=C:/Users/MKurtov/Videos/New folder/Voltis/build-local/voltisc.exe" "-DCASE_DIR=C:/Users/MKurtov/Videos/New folder/Voltis/tests/cases" "-DOUT_DIR=C:/Users/MKurtov/Videos/New folder/Voltis/build-local/tests/artifacts" "-P" "C:/Users/MKurtov/Videos/New folder/Voltis/tests/RunVoltisCase.cmake"
Directory: C:/Users/MKurtov/Videos/New folder/Voltis/build-local/tests
"voltis.failure.source_import_missing_file" start time: Apr 30 23:12 AUS Eastern Standard Time
Output:
----------------------------------------------------------
<end of output>
Test time =   0.06 sec
----------------------------------------------------------
Test Passed.
"voltis.failure.source_import_missing_file" end time: Apr 30 23:13 AUS Eastern Standard Time
"voltis.failure.source_import_missing_file" time elapsed: 00:00:00
----------------------------------------------------------

52/53 Testing: voltis.failure.source_import_cycle
52/53 Test: voltis.failure.source_import_cycle
Command: "C:/Program Files/CMake/bin/cmake.exe" "-DCASE=source-import-cycle" "-DVOLTISC=C:/Users/MKurtov/Videos/New folder/Voltis/build-local/voltisc.exe" "-DCASE_DIR=C:/Users/MKurtov/Videos/New folder/Voltis/tests/cases" "-DOUT_DIR=C:/Users/MKurtov/Videos/New folder/Voltis/build-local/tests/artifacts" "-P" "C:/Users/MKurtov/Videos/New folder/Voltis/tests/RunVoltisCase.cmake"
Directory: C:/Users/MKurtov/Videos/New folder/Voltis/build-local/tests
"voltis.failure.source_import_cycle" start time: Apr 30 23:13 AUS Eastern Standard Time
Output:
----------------------------------------------------------
<end of output>
Test time =   0.06 sec
----------------------------------------------------------
Test Passed.
"voltis.failure.source_import_cycle" end time: Apr 30 23:13 AUS Eastern Standard Time
"voltis.failure.source_import_cycle" time elapsed: 00:00:00
----------------------------------------------------------

53/53 Testing: voltis.unit.core
53/53 Test: voltis.unit.core
Command: "C:/Users/MKurtov/Videos/New folder/Voltis/build-local/tests/voltis_unit_tests.exe"
Directory: C:/Users/MKurtov/Videos/New folder/Voltis/build-local/tests
"voltis.unit.core" start time: Apr 30 23:13 AUS Eastern Standard Time
Output:
----------------------------------------------------------
unit tests passed
<end of output>
Test time =   0.04 sec
----------------------------------------------------------
Test Passed.
"voltis.unit.core" end time: Apr 30 23:13 AUS Eastern Standard Time
"voltis.unit.core" time elapsed: 00:00:00
----------------------------------------------------------

End testing: Apr 30 23:13 AUS Eastern Standard Time
